[debug] [2024-05-24T16:04:52.274Z] ----------------------------------------------------------------------
[debug] [2024-05-24T16:04:52.276Z] Command:       C:\Program Files\nodejs\node.exe C:\Users\mssur\AppData\Roaming\npm\node_modules\firebase-tools\lib\bin\firebase.js init
[debug] [2024-05-24T16:04:52.277Z] CLI Version:   13.10.0
[debug] [2024-05-24T16:04:52.277Z] Platform:      win32
[debug] [2024-05-24T16:04:52.277Z] Node Version:  v18.17.1
[debug] [2024-05-24T16:04:52.278Z] Time:          Fri May 24 2024 21:34:52 GMT+0530 (India Standard Time)
[debug] [2024-05-24T16:04:52.278Z] ----------------------------------------------------------------------
[debug] 
[debug] [2024-05-24T16:04:52.282Z] >>> [apiv2][query] GET https://firebase-public.firebaseio.com/cli.json [none]
[debug] [2024-05-24T16:04:52.335Z] > command requires scopes: ["email","openid","https://www.googleapis.com/auth/cloudplatformprojects.readonly","https://www.googleapis.com/auth/firebase","https://www.googleapis.com/auth/cloud-platform"]
[debug] [2024-05-24T16:04:52.335Z] > authorizing via signed-in user (ramling855@gmail.com)
[info] 
     ######## #### ########  ######## ########     ###     ######  ########
     ##        ##  ##     ## ##       ##     ##  ##   ##  ##       ##
     ######    ##  ########  ######   ########  #########  ######  ######
     ##        ##  ##    ##  ##       ##     ## ##     ##       ## ##
     ##       #### ##     ## ######## ########  ##     ##  ######  ########

You're about to initialize a Firebase project in this directory:

  G:\interview\solace\task-manager

[debug] [2024-05-24T16:04:52.974Z] <<< [apiv2][status] GET https://firebase-public.firebaseio.com/cli.json 200
[debug] [2024-05-24T16:04:52.975Z] <<< [apiv2][body] GET https://firebase-public.firebaseio.com/cli.json {"cloudBuildErrorAfter":1594252800000,"cloudBuildWarnAfter":1590019200000,"defaultNode10After":1594252800000,"minVersion":"3.0.5","node8DeploysDisabledAfter":1613390400000,"node8RuntimeDisabledAfter":1615809600000,"node8WarnAfter":1600128000000}
